running egg_info
creating ../../build/servo_controller_pkg/servo_controller_pkg.egg-info
writing ../../build/servo_controller_pkg/servo_controller_pkg.egg-info/PKG-INFO
writing dependency_links to ../../build/servo_controller_pkg/servo_controller_pkg.egg-info/dependency_links.txt
writing entry points to ../../build/servo_controller_pkg/servo_controller_pkg.egg-info/entry_points.txt
writing requirements to ../../build/servo_controller_pkg/servo_controller_pkg.egg-info/requires.txt
writing top-level names to ../../build/servo_controller_pkg/servo_controller_pkg.egg-info/top_level.txt
writing manifest file '../../build/servo_controller_pkg/servo_controller_pkg.egg-info/SOURCES.txt'
reading manifest file '../../build/servo_controller_pkg/servo_controller_pkg.egg-info/SOURCES.txt'
writing manifest file '../../build/servo_controller_pkg/servo_controller_pkg.egg-info/SOURCES.txt'
running build
running build_py
creating /home/quadplane/quadplane_ctrl_ws/build/servo_controller_pkg/build
creating /home/quadplane/quadplane_ctrl_ws/build/servo_controller_pkg/build/lib
creating /home/quadplane/quadplane_ctrl_ws/build/servo_controller_pkg/build/lib/servo_controller_pkg
copying servo_controller_pkg/servo_commander.py -> /home/quadplane/quadplane_ctrl_ws/build/servo_controller_pkg/build/lib/servo_controller_pkg
copying servo_controller_pkg/__init__.py -> /home/quadplane/quadplane_ctrl_ws/build/servo_controller_pkg/build/lib/servo_controller_pkg
running install
running install_lib
creating /home/quadplane/quadplane_ctrl_ws/install/servo_controller_pkg/lib/python3.12/site-packages/servo_controller_pkg
copying /home/quadplane/quadplane_ctrl_ws/build/servo_controller_pkg/build/lib/servo_controller_pkg/servo_commander.py -> /home/quadplane/quadplane_ctrl_ws/install/servo_controller_pkg/lib/python3.12/site-packages/servo_controller_pkg
copying /home/quadplane/quadplane_ctrl_ws/build/servo_controller_pkg/build/lib/servo_controller_pkg/__init__.py -> /home/quadplane/quadplane_ctrl_ws/install/servo_controller_pkg/lib/python3.12/site-packages/servo_controller_pkg
byte-compiling /home/quadplane/quadplane_ctrl_ws/install/servo_controller_pkg/lib/python3.12/site-packages/servo_controller_pkg/servo_commander.py to servo_commander.cpython-312.pyc
byte-compiling /home/quadplane/quadplane_ctrl_ws/install/servo_controller_pkg/lib/python3.12/site-packages/servo_controller_pkg/__init__.py to __init__.cpython-312.pyc
running install_data
creating /home/quadplane/quadplane_ctrl_ws/install/servo_controller_pkg/share/ament_index
creating /home/quadplane/quadplane_ctrl_ws/install/servo_controller_pkg/share/ament_index/resource_index
creating /home/quadplane/quadplane_ctrl_ws/install/servo_controller_pkg/share/ament_index/resource_index/packages
copying resource/servo_controller_pkg -> /home/quadplane/quadplane_ctrl_ws/install/servo_controller_pkg/share/ament_index/resource_index/packages
copying package.xml -> /home/quadplane/quadplane_ctrl_ws/install/servo_controller_pkg/share/servo_controller_pkg
running install_egg_info
Copying ../../build/servo_controller_pkg/servo_controller_pkg.egg-info to /home/quadplane/quadplane_ctrl_ws/install/servo_controller_pkg/lib/python3.12/site-packages/servo_controller_pkg-0.0.0-py3.12.egg-info
running install_scripts
Installing servo_control script to /home/quadplane/quadplane_ctrl_ws/install/servo_controller_pkg/lib/servo_controller_pkg
writing list of installed files to '/home/quadplane/quadplane_ctrl_ws/build/servo_controller_pkg/install.log'
