[1.162s] Invoking command in '/home/quadplane/quadplane_ctrl_ws/src/servo_controller_pkg': PYTHONPATH=/home/quadplane/quadplane_ctrl_ws/build/servo_controller_pkg/prefix_override:/usr/lib/python3/dist-packages/colcon_core/task/python/colcon_distutils_commands:/home/quadplane/quadplane_ctrl_ws/install/servo_controller_pkg/lib/python3.12/site-packages:${PYTHONPATH} VIRTUAL_ENV_PROMPT=(venv) /usr/bin/python3 -W ignore:setup.py install is deprecated -W ignore:easy_install command is deprecated setup.py egg_info --egg-base ../../build/servo_controller_pkg build --build-base /home/quadplane/quadplane_ctrl_ws/build/servo_controller_pkg/build install --record /home/quadplane/quadplane_ctrl_ws/build/servo_controller_pkg/install.log --single-version-externally-managed install_data
[1.516s] running egg_info
[1.541s] writing ../../build/servo_controller_pkg/servo_controller_pkg.egg-info/PKG-INFO
[1.541s] writing dependency_links to ../../build/servo_controller_pkg/servo_controller_pkg.egg-info/dependency_links.txt
[1.542s] writing entry points to ../../build/servo_controller_pkg/servo_controller_pkg.egg-info/entry_points.txt
[1.543s] writing requirements to ../../build/servo_controller_pkg/servo_controller_pkg.egg-info/requires.txt
[1.543s] writing top-level names to ../../build/servo_controller_pkg/servo_controller_pkg.egg-info/top_level.txt
[1.596s] reading manifest file '../../build/servo_controller_pkg/servo_controller_pkg.egg-info/SOURCES.txt'
[1.597s] writing manifest file '../../build/servo_controller_pkg/servo_controller_pkg.egg-info/SOURCES.txt'
[1.598s] running build
[1.598s] running build_py
[1.598s] copying servo_controller_pkg/servo_commander.py -> /home/quadplane/quadplane_ctrl_ws/build/servo_controller_pkg/build/lib/servo_controller_pkg
[1.598s] running install
[1.608s] running install_lib
[1.633s] copying /home/quadplane/quadplane_ctrl_ws/build/servo_controller_pkg/build/lib/servo_controller_pkg/servo_commander.py -> /home/quadplane/quadplane_ctrl_ws/install/servo_controller_pkg/lib/python3.12/site-packages/servo_controller_pkg
[1.634s] byte-compiling /home/quadplane/quadplane_ctrl_ws/install/servo_controller_pkg/lib/python3.12/site-packages/servo_controller_pkg/servo_commander.py to servo_commander.cpython-312.pyc
[1.636s] running install_data
[1.636s] running install_egg_info
[1.663s] removing '/home/quadplane/quadplane_ctrl_ws/install/servo_controller_pkg/lib/python3.12/site-packages/servo_controller_pkg-0.0.0-py3.12.egg-info' (and everything under it)
[1.664s] Copying ../../build/servo_controller_pkg/servo_controller_pkg.egg-info to /home/quadplane/quadplane_ctrl_ws/install/servo_controller_pkg/lib/python3.12/site-packages/servo_controller_pkg-0.0.0-py3.12.egg-info
[1.665s] running install_scripts
[1.843s] Installing servo_control script to /home/quadplane/quadplane_ctrl_ws/install/servo_controller_pkg/lib/servo_controller_pkg
[1.843s] writing list of installed files to '/home/quadplane/quadplane_ctrl_ws/build/servo_controller_pkg/install.log'
[1.919s] Invoked command in '/home/quadplane/quadplane_ctrl_ws/src/servo_controller_pkg' returned '0': PYTHONPATH=/home/quadplane/quadplane_ctrl_ws/build/servo_controller_pkg/prefix_override:/usr/lib/python3/dist-packages/colcon_core/task/python/colcon_distutils_commands:/home/quadplane/quadplane_ctrl_ws/install/servo_controller_pkg/lib/python3.12/site-packages:${PYTHONPATH} VIRTUAL_ENV_PROMPT=(venv) /usr/bin/python3 -W ignore:setup.py install is deprecated -W ignore:easy_install command is deprecated setup.py egg_info --egg-base ../../build/servo_controller_pkg build --build-base /home/quadplane/quadplane_ctrl_ws/build/servo_controller_pkg/build install --record /home/quadplane/quadplane_ctrl_ws/build/servo_controller_pkg/install.log --single-version-externally-managed install_data
