[1.537s] Invoking command in '/home/quadplane/quadplane_ctrl_ws/src/servo_controller_pkg': PYTHONPATH=/home/quadplane/quadplane_ctrl_ws/build/servo_controller_pkg/prefix_override:/usr/lib/python3/dist-packages/colcon_core/task/python/colcon_distutils_commands:/home/quadplane/quadplane_ctrl_ws/install/servo_controller_pkg/lib/python3.12/site-packages:${PYTHONPATH} VIRTUAL_ENV_PROMPT=(venv) /usr/bin/python3 -W ignore:setup.py install is deprecated -W ignore:easy_install command is deprecated setup.py egg_info --egg-base ../../build/servo_controller_pkg build --build-base /home/quadplane/quadplane_ctrl_ws/build/servo_controller_pkg/build install --record /home/quadplane/quadplane_ctrl_ws/build/servo_controller_pkg/install.log --single-version-externally-managed install_data
[1.892s] running egg_info
[1.917s] writing ../../build/servo_controller_pkg/servo_controller_pkg.egg-info/PKG-INFO
[1.918s] writing dependency_links to ../../build/servo_controller_pkg/servo_controller_pkg.egg-info/dependency_links.txt
[1.919s] writing entry points to ../../build/servo_controller_pkg/servo_controller_pkg.egg-info/entry_points.txt
[1.920s] writing requirements to ../../build/servo_controller_pkg/servo_controller_pkg.egg-info/requires.txt
[1.920s] writing top-level names to ../../build/servo_controller_pkg/servo_controller_pkg.egg-info/top_level.txt
[1.973s] reading manifest file '../../build/servo_controller_pkg/servo_controller_pkg.egg-info/SOURCES.txt'
[1.975s] writing manifest file '../../build/servo_controller_pkg/servo_controller_pkg.egg-info/SOURCES.txt'
[1.975s] running build
[1.975s] running build_py
[1.977s] copying servo_controller_pkg/servo_commander.py -> /home/quadplane/quadplane_ctrl_ws/build/servo_controller_pkg/build/lib/servo_controller_pkg
[1.977s] running install
[1.987s] running install_lib
[2.013s] copying /home/quadplane/quadplane_ctrl_ws/build/servo_controller_pkg/build/lib/servo_controller_pkg/servo_commander.py -> /home/quadplane/quadplane_ctrl_ws/install/servo_controller_pkg/lib/python3.12/site-packages/servo_controller_pkg
[2.014s] byte-compiling /home/quadplane/quadplane_ctrl_ws/install/servo_controller_pkg/lib/python3.12/site-packages/servo_controller_pkg/servo_commander.py to servo_commander.cpython-312.pyc
[2.015s] running install_data
[2.017s] running install_egg_info
[2.071s] removing '/home/quadplane/quadplane_ctrl_ws/install/servo_controller_pkg/lib/python3.12/site-packages/servo_controller_pkg-0.0.0-py3.12.egg-info' (and everything under it)
[2.071s] Copying ../../build/servo_controller_pkg/servo_controller_pkg.egg-info to /home/quadplane/quadplane_ctrl_ws/install/servo_controller_pkg/lib/python3.12/site-packages/servo_controller_pkg-0.0.0-py3.12.egg-info
[2.073s] running install_scripts
[2.257s] Installing servo_control script to /home/quadplane/quadplane_ctrl_ws/install/servo_controller_pkg/lib/servo_controller_pkg
[2.258s] writing list of installed files to '/home/quadplane/quadplane_ctrl_ws/build/servo_controller_pkg/install.log'
[2.337s] Invoked command in '/home/quadplane/quadplane_ctrl_ws/src/servo_controller_pkg' returned '0': PYTHONPATH=/home/quadplane/quadplane_ctrl_ws/build/servo_controller_pkg/prefix_override:/usr/lib/python3/dist-packages/colcon_core/task/python/colcon_distutils_commands:/home/quadplane/quadplane_ctrl_ws/install/servo_controller_pkg/lib/python3.12/site-packages:${PYTHONPATH} VIRTUAL_ENV_PROMPT=(venv) /usr/bin/python3 -W ignore:setup.py install is deprecated -W ignore:easy_install command is deprecated setup.py egg_info --egg-base ../../build/servo_controller_pkg build --build-base /home/quadplane/quadplane_ctrl_ws/build/servo_controller_pkg/build install --record /home/quadplane/quadplane_ctrl_ws/build/servo_controller_pkg/install.log --single-version-externally-managed install_data
