[1.407s] Invoking command in '/home/quadplane/quadplane_ctrl_ws/src/servo_controller_pkg': PYTHONPATH=/home/quadplane/quadplane_ctrl_ws/build/servo_controller_pkg/prefix_override:/usr/lib/python3/dist-packages/colcon_core/task/python/colcon_distutils_commands:/home/quadplane/quadplane_ctrl_ws/install/servo_controller_pkg/lib/python3.12/site-packages:${PYTHONPATH} VIRTUAL_ENV_PROMPT=(venv) /usr/bin/python3 -W ignore:setup.py install is deprecated -W ignore:easy_install command is deprecated setup.py egg_info --egg-base ../../build/servo_controller_pkg build --build-base /home/quadplane/quadplane_ctrl_ws/build/servo_controller_pkg/build install --record /home/quadplane/quadplane_ctrl_ws/build/servo_controller_pkg/install.log --single-version-externally-managed install_data
[1.763s] running egg_info
[1.788s] writing ../../build/servo_controller_pkg/servo_controller_pkg.egg-info/PKG-INFO
[1.789s] writing dependency_links to ../../build/servo_controller_pkg/servo_controller_pkg.egg-info/dependency_links.txt
[1.790s] writing entry points to ../../build/servo_controller_pkg/servo_controller_pkg.egg-info/entry_points.txt
[1.790s] writing requirements to ../../build/servo_controller_pkg/servo_controller_pkg.egg-info/requires.txt
[1.791s] writing top-level names to ../../build/servo_controller_pkg/servo_controller_pkg.egg-info/top_level.txt
[1.844s] reading manifest file '../../build/servo_controller_pkg/servo_controller_pkg.egg-info/SOURCES.txt'
[1.846s] writing manifest file '../../build/servo_controller_pkg/servo_controller_pkg.egg-info/SOURCES.txt'
[1.846s] running build
[1.846s] running build_py
[1.848s] copying servo_controller_pkg/servo_commander.py -> /home/quadplane/quadplane_ctrl_ws/build/servo_controller_pkg/build/lib/servo_controller_pkg
[1.848s] running install
[1.858s] running install_lib
[1.885s] copying /home/quadplane/quadplane_ctrl_ws/build/servo_controller_pkg/build/lib/servo_controller_pkg/servo_commander.py -> /home/quadplane/quadplane_ctrl_ws/install/servo_controller_pkg/lib/python3.12/site-packages/servo_controller_pkg
[1.886s] byte-compiling /home/quadplane/quadplane_ctrl_ws/install/servo_controller_pkg/lib/python3.12/site-packages/servo_controller_pkg/servo_commander.py to servo_commander.cpython-312.pyc
[1.887s] running install_data
[1.888s] running install_egg_info
[1.915s] removing '/home/quadplane/quadplane_ctrl_ws/install/servo_controller_pkg/lib/python3.12/site-packages/servo_controller_pkg-0.0.0-py3.12.egg-info' (and everything under it)
[1.916s] Copying ../../build/servo_controller_pkg/servo_controller_pkg.egg-info to /home/quadplane/quadplane_ctrl_ws/install/servo_controller_pkg/lib/python3.12/site-packages/servo_controller_pkg-0.0.0-py3.12.egg-info
[1.918s] running install_scripts
[2.097s] Installing servo_control script to /home/quadplane/quadplane_ctrl_ws/install/servo_controller_pkg/lib/servo_controller_pkg
[2.097s] writing list of installed files to '/home/quadplane/quadplane_ctrl_ws/build/servo_controller_pkg/install.log'
[2.176s] Invoked command in '/home/quadplane/quadplane_ctrl_ws/src/servo_controller_pkg' returned '0': PYTHONPATH=/home/quadplane/quadplane_ctrl_ws/build/servo_controller_pkg/prefix_override:/usr/lib/python3/dist-packages/colcon_core/task/python/colcon_distutils_commands:/home/quadplane/quadplane_ctrl_ws/install/servo_controller_pkg/lib/python3.12/site-packages:${PYTHONPATH} VIRTUAL_ENV_PROMPT=(venv) /usr/bin/python3 -W ignore:setup.py install is deprecated -W ignore:easy_install command is deprecated setup.py egg_info --egg-base ../../build/servo_controller_pkg build --build-base /home/quadplane/quadplane_ctrl_ws/build/servo_controller_pkg/build install --record /home/quadplane/quadplane_ctrl_ws/build/servo_controller_pkg/install.log --single-version-externally-managed install_data
